<?xml version="1.0" encoding="UTF-8"?>
<testng-results ignored="0" total="2" passed="2" failed="0" skipped="0">
  <reporter-output>
  </reporter-output>
  <suite started-at="2021-04-17T03:45:47 IST" name="Surefire suite" finished-at="2021-04-17T03:45:47 IST" duration-ms="38">
    <groups>
    </groups>
    <test started-at="2021-04-17T03:45:47 IST" name="Surefire test" finished-at="2021-04-17T03:45:47 IST" duration-ms="38">
      <class name="demoCalc.DemoCalculatore">
        <test-method signature="sub()[pri:0, instance:demoCalc.DemoCalculatore@2b662a77]" started-at="2021-04-17T03:45:47 IST" name="sub" finished-at="2021-04-17T03:45:47 IST" duration-ms="8" status="PASS">
          <reporter-output>
          </reporter-output>
        </test-method> <!-- sub -->
        <test-method signature="sum()[pri:0, instance:demoCalc.DemoCalculatore@2b662a77]" started-at="2021-04-17T03:45:47 IST" name="sum" finished-at="2021-04-17T03:45:47 IST" duration-ms="0" status="PASS">
          <reporter-output>
          </reporter-output>
        </test-method> <!-- sum -->
      </class> <!-- demoCalc.DemoCalculatore -->
    </test> <!-- Surefire test -->
  </suite> <!-- Surefire suite -->
</testng-results>
