<?xml version="1.0" encoding="UTF-8"?>
<testsuite xmlns:xsi="http://www.w3.org/2001/XMLSchema-instance" xsi:noNamespaceSchemaLocation="https://maven.apache.org/surefire/maven-surefire-plugin/xsd/surefire-test-report.xsd" name="demoCalc.DemoCalculatore" time="0.998" tests="2" errors="0" skipped="0" failures="0">
  <properties>
[...]
</properties>
  <testcase name="sub" classname="demoCalc.DemoCalculatore" time="0.028"/>
  <testcase name="sum" classname="demoCalc.DemoCalculatore" time="0.002"/>
</testsuite>