<?xml version="1.0" encoding="UTF-8"?>
<testng-results ignored="1" total="2" passed="1" failed="0" skipped="0">
  <reporter-output>
  </reporter-output>
  <suite started-at="2021-04-17T02:03:47 IST" name="Default suite" finished-at="2021-04-17T02:03:47 IST" duration-ms="34">
    <groups>
    </groups>
    <test started-at="2021-04-17T02:03:47 IST" name="Default test" finished-at="2021-04-17T02:03:47 IST" duration-ms="34">
      <class name="demoCalc.DemoCalculatore">
        <test-method signature="sum()[pri:0, instance:demoCalc.DemoCalculatore@10d307f1]" started-at="2021-04-17T02:03:47 IST" name="sum" finished-at="2021-04-17T02:03:47 IST" duration-ms="7" status="PASS">
          <reporter-output>
          </reporter-output>
        </test-method> <!-- sum -->
      </class> <!-- demoCalc.DemoCalculatore -->
    </test> <!-- Default test -->
  </suite> <!-- Default suite -->
</testng-results>
